2025-12-02T05:47:02.264+01:00  WARN 23384 --- [Structure-Backend] [HikariPool-1 housekeeper] com.zaxxer.hikari.pool.HikariPool        : HikariPool-1 - Thread starvation or clock leap detected (housekeeper delta=8h1m50s119ms449µs200ns).
2025-12-02T06:22:27.858+01:00  WARN 23384 --- [Structure-Backend] [HikariPool-1 housekeeper] com.zaxxer.hikari.pool.HikariPool        : HikariPool-1 - Thread starvation or clock leap detected (housekeeper delta=17m54s240ms696µs600ns).
2025-12-02T06:59:00.633+01:00  INFO 23384 --- [Structure-Backend] [SpringApplicationShutdownHook] j.LocalContainerEntityManagerFactoryBean : Closing JPA EntityManagerFactory for persistence unit 'default'
2025-12-02T06:59:00.659+01:00  INFO 23384 --- [Structure-Backend] [SpringApplicationShutdownHook] com.zaxxer.hikari.HikariDataSource       : HikariPool-1 - Shutdown initiated...
2025-12-02T06:59:00.671+01:00  INFO 23384 --- [Structure-Backend] [SpringApplicationShutdownHook] com.zaxxer.hikari.HikariDataSource       : HikariPool-1 - Shutdown completed.
2025-12-02T06:59:14.273+01:00  INFO 33796 --- [Structure-Backend] [main] c.N.t.S.StructureBackendApplication      : Starting StructureBackendApplication using Java 17.0.12 with PID 33796 (C:\Users\Desigraph\Desktop\struct\Structure-Backend\target\classes started by Desigraph in C:\Users\Desigraph\Desktop\struct\Structure-Backend)
2025-12-02T06:59:14.281+01:00  INFO 33796 --- [Structure-Backend] [main] c.N.t.S.StructureBackendApplication      : No active profile set, falling back to 1 default profile: "default"
2025-12-02T06:59:15.370+01:00  INFO 33796 --- [Structure-Backend] [main] .s.d.r.c.RepositoryConfigurationDelegate : Bootstrapping Spring Data JPA repositories in DEFAULT mode.
2025-12-02T06:59:15.495+01:00  INFO 33796 --- [Structure-Backend] [main] .s.d.r.c.RepositoryConfigurationDelegate : Finished Spring Data repository scanning in 115 ms. Found 6 JPA repository interfaces.
2025-12-02T06:59:16.255+01:00  INFO 33796 --- [Structure-Backend] [main] o.s.b.w.embedded.tomcat.TomcatWebServer  : Tomcat initialized with port 8080 (http)
2025-12-02T06:59:16.275+01:00  INFO 33796 --- [Structure-Backend] [main] o.apache.catalina.core.StandardService   : Starting service [Tomcat]
2025-12-02T06:59:16.276+01:00  INFO 33796 --- [Structure-Backend] [main] o.apache.catalina.core.StandardEngine    : Starting Servlet engine: [Apache Tomcat/10.1.19]
2025-12-02T06:59:16.384+01:00  INFO 33796 --- [Structure-Backend] [main] o.a.c.c.C.[Tomcat].[localhost].[/]       : Initializing Spring embedded WebApplicationContext
2025-12-02T06:59:16.384+01:00  INFO 33796 --- [Structure-Backend] [main] w.s.c.ServletWebServerApplicationContext : Root WebApplicationContext: initialization completed in 2038 ms
2025-12-02T06:59:16.555+01:00  INFO 33796 --- [Structure-Backend] [main] o.hibernate.jpa.internal.util.LogHelper  : HHH000204: Processing PersistenceUnitInfo [name: default]
2025-12-02T06:59:16.683+01:00  INFO 33796 --- [Structure-Backend] [main] org.hibernate.Version                    : HHH000412: Hibernate ORM core version 6.4.4.Final
2025-12-02T06:59:16.743+01:00  INFO 33796 --- [Structure-Backend] [main] o.h.c.internal.RegionFactoryInitiator    : HHH000026: Second-level cache disabled
2025-12-02T06:59:17.066+01:00  INFO 33796 --- [Structure-Backend] [main] o.s.o.j.p.SpringPersistenceUnitInfo      : No LoadTimeWeaver setup: ignoring JPA class transformer
2025-12-02T06:59:17.120+01:00  INFO 33796 --- [Structure-Backend] [main] com.zaxxer.hikari.HikariDataSource       : HikariPool-1 - Starting...
2025-12-02T06:59:17.306+01:00  INFO 33796 --- [Structure-Backend] [main] com.zaxxer.hikari.pool.HikariPool        : HikariPool-1 - Added connection com.mysql.cj.jdbc.ConnectionImpl@40cf6254
2025-12-02T06:59:17.308+01:00  INFO 33796 --- [Structure-Backend] [main] com.zaxxer.hikari.HikariDataSource       : HikariPool-1 - Start completed.
2025-12-02T06:59:17.363+01:00  WARN 33796 --- [Structure-Backend] [main] org.hibernate.dialect.Dialect            : HHH000511: The 5.5.0 version for [org.hibernate.dialect.MySQLDialect] is no longer supported, hence certain features may not work properly. The minimum supported version is 8.0.0. Check the community dialects project for available legacy versions.
2025-12-02T06:59:17.371+01:00  WARN 33796 --- [Structure-Backend] [main] org.hibernate.orm.deprecation            : HHH90000025: MySQLDialect does not need to be specified explicitly using 'hibernate.dialect' (remove the property setting and it will be selected by default)
2025-12-02T06:59:18.655+01:00  INFO 33796 --- [Structure-Backend] [main] o.h.e.t.j.p.i.JtaPlatformInitiator       : HHH000489: No JTA platform available (set 'hibernate.transaction.jta.platform' to enable JTA platform integration)
2025-12-02T06:59:18.658+01:00  INFO 33796 --- [Structure-Backend] [main] j.LocalContainerEntityManagerFactoryBean : Initialized JPA EntityManagerFactory for persistence unit 'default'
2025-12-02T06:59:19.128+01:00  WARN 33796 --- [Structure-Backend] [main] JpaBaseConfiguration$JpaWebConfiguration : spring.jpa.open-in-view is enabled by default. Therefore, database queries may be performed during view rendering. Explicitly configure spring.jpa.open-in-view to disable this warning
2025-12-02T06:59:19.266+01:00 DEBUG 33796 --- [Structure-Backend] [main] .m.m.a.ExceptionHandlerExceptionResolver : ControllerAdvice beans: 2 @ExceptionHandler, 1 ResponseBodyAdvice
2025-12-02T06:59:19.464+01:00 DEBUG 33796 --- [Structure-Backend] [main] s.w.s.m.m.a.RequestMappingHandlerMapping : 52 mappings in 'requestMappingHandlerMapping'
2025-12-02T06:59:19.516+01:00 DEBUG 33796 --- [Structure-Backend] [main] o.s.w.s.handler.SimpleUrlHandlerMapping  : Patterns [/webjars/**, /**, /swagger-ui*/*swagger-initializer.js, /swagger-ui*/**] in 'resourceHandlerMapping'
2025-12-02T06:59:19.680+01:00  INFO 33796 --- [Structure-Backend] [main] o.s.s.web.DefaultSecurityFilterChain     : Will secure any request with [org.springframework.security.web.session.DisableEncodeUrlFilter@7e305953, org.springframework.security.web.context.request.async.WebAsyncManagerIntegrationFilter@59d7d574, org.springframework.security.web.context.SecurityContextHolderFilter@542c6165, org.springframework.security.web.header.HeaderWriterFilter@5cb4ba80, org.springframework.web.filter.CorsFilter@94b5fe3, org.springframework.security.web.authentication.logout.LogoutFilter@1b2e841, org.springframework.security.web.savedrequest.RequestCacheAwareFilter@a4e1ca7, org.springframework.security.web.servletapi.SecurityContextHolderAwareRequestFilter@7d466ef9, org.springframework.security.web.authentication.AnonymousAuthenticationFilter@4417755b, org.springframework.security.web.session.SessionManagementFilter@1f3310fc, org.springframework.security.web.access.ExceptionTranslationFilter@34dda1b4, org.springframework.security.web.access.intercept.AuthorizationFilter@69d9d322]
2025-12-02T06:59:19.732+01:00 DEBUG 33796 --- [Structure-Backend] [main] o.springframework.web.filter.CorsFilter  : Filter 'corsFilter' configured for use
2025-12-02T06:59:19.979+01:00  INFO 33796 --- [Structure-Backend] [main] o.s.d.j.r.query.QueryEnhancerFactory     : Hibernate is in classpath; If applicable, HQL parser will be used.
2025-12-02T06:59:20.518+01:00 DEBUG 33796 --- [Structure-Backend] [main] s.w.s.m.m.a.RequestMappingHandlerAdapter : ControllerAdvice beans: 0 @ModelAttribute, 0 @InitBinder, 1 RequestBodyAdvice, 1 ResponseBodyAdvice
2025-12-02T06:59:20.752+01:00  INFO 33796 --- [Structure-Backend] [main] o.s.b.w.embedded.tomcat.TomcatWebServer  : Tomcat started on port 8080 (http) with context path ''
2025-12-02T06:59:20.764+01:00  INFO 33796 --- [Structure-Backend] [main] c.N.t.S.StructureBackendApplication      : Started StructureBackendApplication in 7.054 seconds (process running for 7.513)
2025-12-02T06:59:20.870+01:00 DEBUG 33796 --- [Structure-Backend] [main] org.hibernate.SQL                        : select u1_0.id,u1_0.active,u1_0.email,u1_0.first_name,u1_0.last_name,u1_0.password,u1_0.phone,u1_0.role,u1_0.structure_id from users u1_0
2025-12-02T06:59:20.952+01:00 DEBUG 33796 --- [Structure-Backend] [main] org.hibernate.SQL                        : select u1_0.id,u1_0.active,u1_0.email,u1_0.first_name,u1_0.last_name,u1_0.password,u1_0.phone,u1_0.role,u1_0.structure_id from users u1_0 where u1_0.email=?
2025-12-02T07:05:08.387+01:00  INFO 33796 --- [Structure-Backend] [SpringApplicationShutdownHook] j.LocalContainerEntityManagerFactoryBean : Closing JPA EntityManagerFactory for persistence unit 'default'
2025-12-02T07:05:08.391+01:00  INFO 33796 --- [Structure-Backend] [SpringApplicationShutdownHook] com.zaxxer.hikari.HikariDataSource       : HikariPool-1 - Shutdown initiated...
2025-12-02T07:05:08.402+01:00  INFO 33796 --- [Structure-Backend] [SpringApplicationShutdownHook] com.zaxxer.hikari.HikariDataSource       : HikariPool-1 - Shutdown completed.
